<?xml version="1.0" encoding="UTF-8"?>
<!-- Generated by org.testng.reporters.JUnitXMLReporter -->
<testsuite hostname="DESKTOP-D2PG3UN" ignored="3" name="Default test" tests="3" failures="0" timestamp="2022-01-19T00:56:29 IST" time="90.985" errors="0">
  <testcase name="login" time="5.943" classname="elearning.elearning"/>
  <testcase name="skills" time="66.833" classname="elearning.elearning"/>
  <testcase name="logout" time="7.034" classname="elearning.elearning"/>
  <testcase name="profile" time="0.0" classname="elearning.elearning">
    <ignored/>
  </testcase> <!-- profile -->
  <testcase name="Courses" time="0.0" classname="elearning.elearning">
    <ignored/>
  </testcase> <!-- Courses -->
  <testcase name="register" time="0.0" classname="elearning.elearning">
    <ignored/>
  </testcase> <!-- register -->
</testsuite> <!-- Default test -->
